<?xml version="1.0" encoding="UTF-8"?>
<!-- Generated by org.testng.reporters.JUnitReportReporter -->
<testsuite hostname="Sibasankar" failures="0" tests="1" name="com.Parsing.test.EmpDetailsTest" time="0.315" errors="0" timestamp="2022-02-16T16:14:46 IST" skipped="0">
  <testcase classname="com.Parsing.test.EmpDetailsTest" name="details" time="0.315"/>
  <system-out/>
</testsuite> <!-- com.Parsing.test.EmpDetailsTest -->
