<?xml version="1.0" encoding="UTF-8"?>
<!-- Generated by org.testng.reporters.JUnitReportReporter -->
<testsuite hostname="Sibasankar" failures="0" tests="1" name="com.Parsing.test.EmployeeDetailsWithSpouse" time="0.278" errors="0" timestamp="2022-02-16T13:22:32 IST" skipped="0">
  <testcase classname="com.Parsing.test.EmployeeDetailsWithSpouse" name="serialization" time="0.278"/>
  <system-out/>
</testsuite> <!-- com.Parsing.test.EmployeeDetailsWithSpouse -->
