<?xml version="1.0" encoding="UTF-8"?>
<!-- Generated by org.testng.reporters.JUnitReportReporter -->
<testsuite hostname="Sibasankar" failures="0" tests="1" name="com.crm.deserialization.Desereliazation" time="0.307" errors="0" timestamp="2022-02-16T13:30:36 IST" skipped="0">
  <testcase classname="com.crm.deserialization.Desereliazation" name="deseliazation" time="0.307"/>
  <system-out/>
</testsuite> <!-- com.crm.deserialization.Desereliazation -->
