<?xml version="1.0" encoding="UTF-8"?>
<!-- Generated by org.testng.reporters.JUnitReportReporter -->
<testsuite hostname="Sibasankar" failures="0" tests="1" name="com.Parsing.test.EmployeeDetailsArray" time="0.284" errors="0" timestamp="2022-02-16T11:54:05 IST" skipped="0">
  <testcase classname="com.Parsing.test.EmployeeDetailsArray" name="serialization" time="0.284"/>
  <system-out/>
</testsuite> <!-- com.Parsing.test.EmployeeDetailsArray -->
