<?xml version="1.0" encoding="UTF-8"?>
<!-- Generated by org.testng.reporters.JUnitReportReporter -->
<testsuite hostname="Sibasankar" failures="0" tests="1" name="com.Parsing.test.EmployeeLibraryTest" time="0.295" errors="0" timestamp="2022-02-16T13:16:05 IST" skipped="0">
  <testcase classname="com.Parsing.test.EmployeeLibraryTest" name="Serialization" time="0.295"/>
  <system-out/>
</testsuite> <!-- com.Parsing.test.EmployeeLibraryTest -->
